The system is: Linux - 5.3.0-28-generic - x86_64
Compiling the C compiler identification source file "CMakeCCompilerId.c" succeeded.
Compiler: /usr/bin/cc 
Build flags: 
Id flags:  

The output was:
0


Compilation of the C compiler identification source "CMakeCCompilerId.c" produced "a.out"

The C compiler identification is GNU, found in "/usr/src/app/build/CMakeFiles/3.25.1/CompilerIdC/a.out"

Compiling the CXX compiler identification source file "CMakeCXXCompilerId.cpp" succeeded.
Compiler: /usr/local/bin/c++ 
Build flags: -g
Id flags:  

The output was:
0


Compilation of the CXX compiler identification source "CMakeCXXCompilerId.cpp" produced "a.out"

The CXX compiler identification is GNU, found in "/usr/src/app/build/CMakeFiles/3.25.1/CompilerIdCXX/a.out"

Detecting C compiler ABI info compiled with the following output:
Change Dir: /usr/src/app/build/CMakeFiles/CMakeScratch/TryCompile-757iaQ

Run Build Command(s):/usr/bin/gmake -f Makefile cmTC_bcb8d/fast && /usr/bin/gmake  -f CMakeFiles/cmTC_bcb8d.dir/build.make CMakeFiles/cmTC_bcb8d.dir/build
gmake[1]: Entering directory '/usr/src/app/build/CMakeFiles/CMakeScratch/TryCompile-757iaQ'
Building C object CMakeFiles/cmTC_bcb8d.dir/CMakeCCompilerABI.c.o
/usr/bin/cc   -v -o CMakeFiles/cmTC_bcb8d.dir/CMakeCCompilerABI.c.o -c /usr/share/cmake-3.25/Modules/CMakeCCompilerABI.c
Using built-in specs.
COLLECT_GCC=/usr/bin/cc
Target: x86_64-linux-gnu
Configured with: /usr/src/gcc/configure --build=x86_64-linux-gnu --disable-multilib --enable-languages=c,c++,fortran,go
Thread model: posix
Supported LTO compression algorithms: zlib zstd
gcc version 14.2.0 (GCC) 
COLLECT_GCC_OPTIONS='-v' '-o' 'CMakeFiles/cmTC_bcb8d.dir/CMakeCCompilerABI.c.o' '-c' '-mtune=generic' '-march=x86-64' '-dumpdir' 'CMakeFiles/cmTC_bcb8d.dir/'
 /usr/local/libexec/gcc/x86_64-linux-gnu/14.2.0/cc1 -quiet -v -imultiarch x86_64-linux-gnu /usr/share/cmake-3.25/Modules/CMakeCCompilerABI.c -quiet -dumpdir CMakeFiles/cmTC_bcb8d.dir/ -dumpbase CMakeCCompilerABI.c.c -dumpbase-ext .c -mtune=generic -march=x86-64 -version -o /tmp/ccPpDnXZ.s
GNU C17 (GCC) version 14.2.0 (x86_64-linux-gnu)
	compiled by GNU C version 14.2.0, GMP version 6.2.1, MPFR version 4.1.0, MPC version 1.2.1, isl version isl-0.24-GMP

GGC heuristics: --param ggc-min-expand=100 --param ggc-min-heapsize=131072
ignoring nonexistent directory "/usr/local/include/x86_64-linux-gnu"
ignoring nonexistent directory "/usr/local/lib/gcc/x86_64-linux-gnu/14.2.0/include-fixed/x86_64-linux-gnu"
ignoring nonexistent directory "/usr/local/lib/gcc/x86_64-linux-gnu/14.2.0/../../../../x86_64-linux-gnu/include"
#include "..." search starts here:
#include <...> search starts here:
 /usr/local/lib/gcc/x86_64-linux-gnu/14.2.0/include
 /usr/local/include
 /usr/local/lib/gcc/x86_64-linux-gnu/14.2.0/include-fixed
 /usr/include/x86_64-linux-gnu
 /usr/include
End of search list.
Compiler executable checksum: 02b6d80de70952a9617458dc0b6bffd6
COLLECT_GCC_OPTIONS='-v' '-o' 'CMakeFiles/cmTC_bcb8d.dir/CMakeCCompilerABI.c.o' '-c' '-mtune=generic' '-march=x86-64' '-dumpdir' 'CMakeFiles/cmTC_bcb8d.dir/'
 as -v --64 -o CMakeFiles/cmTC_bcb8d.dir/CMakeCCompilerABI.c.o /tmp/ccPpDnXZ.s
GNU assembler version 2.40 (x86_64-linux-gnu) using BFD version (GNU Binutils for Debian) 2.40
COMPILER_PATH=/usr/local/libexec/gcc/x86_64-linux-gnu/14.2.0/:/usr/local/libexec/gcc/x86_64-linux-gnu/14.2.0/:/usr/local/libexec/gcc/x86_64-linux-gnu/:/usr/local/lib/gcc/x86_64-linux-gnu/14.2.0/:/usr/local/lib/gcc/x86_64-linux-gnu/
LIBRARY_PATH=/usr/local/lib/gcc/x86_64-linux-gnu/14.2.0/:/usr/local/lib/gcc/x86_64-linux-gnu/14.2.0/../../../../lib64/:/lib/x86_64-linux-gnu/:/lib/../lib64/:/usr/lib/x86_64-linux-gnu/:/usr/lib/../lib64/:/usr/local/lib/gcc/x86_64-linux-gnu/14.2.0/../../../:/lib/:/usr/lib/
COLLECT_GCC_OPTIONS='-v' '-o' 'CMakeFiles/cmTC_bcb8d.dir/CMakeCCompilerABI.c.o' '-c' '-mtune=generic' '-march=x86-64' '-dumpdir' 'CMakeFiles/cmTC_bcb8d.dir/CMakeCCompilerABI.c.'
Linking C executable cmTC_bcb8d
/usr/bin/cmake -E cmake_link_script CMakeFiles/cmTC_bcb8d.dir/link.txt --verbose=1
/usr/bin/cc  -v CMakeFiles/cmTC_bcb8d.dir/CMakeCCompilerABI.c.o -o cmTC_bcb8d 
Using built-in specs.
COLLECT_GCC=/usr/bin/cc
COLLECT_LTO_WRAPPER=/usr/local/libexec/gcc/x86_64-linux-gnu/14.2.0/lto-wrapper
Target: x86_64-linux-gnu
Configured with: /usr/src/gcc/configure --build=x86_64-linux-gnu --disable-multilib --enable-languages=c,c++,fortran,go
Thread model: posix
Supported LTO compression algorithms: zlib zstd
gcc version 14.2.0 (GCC) 
COMPILER_PATH=/usr/local/libexec/gcc/x86_64-linux-gnu/14.2.0/:/usr/local/libexec/gcc/x86_64-linux-gnu/14.2.0/:/usr/local/libexec/gcc/x86_64-linux-gnu/:/usr/local/lib/gcc/x86_64-linux-gnu/14.2.0/:/usr/local/lib/gcc/x86_64-linux-gnu/
LIBRARY_PATH=/usr/local/lib/gcc/x86_64-linux-gnu/14.2.0/:/usr/local/lib/gcc/x86_64-linux-gnu/14.2.0/../../../../lib64/:/lib/x86_64-linux-gnu/:/lib/../lib64/:/usr/lib/x86_64-linux-gnu/:/usr/lib/../lib64/:/usr/local/lib/gcc/x86_64-linux-gnu/14.2.0/../../../:/lib/:/usr/lib/
COLLECT_GCC_OPTIONS='-v' '-o' 'cmTC_bcb8d' '-mtune=generic' '-march=x86-64' '-dumpdir' 'cmTC_bcb8d.'
 /usr/local/libexec/gcc/x86_64-linux-gnu/14.2.0/collect2 -plugin /usr/local/libexec/gcc/x86_64-linux-gnu/14.2.0/liblto_plugin.so -plugin-opt=/usr/local/libexec/gcc/x86_64-linux-gnu/14.2.0/lto-wrapper -plugin-opt=-fresolution=/tmp/ccmsd3pr.res -plugin-opt=-pass-through=-lgcc -plugin-opt=-pass-through=-lgcc_s -plugin-opt=-pass-through=-lc -plugin-opt=-pass-through=-lgcc -plugin-opt=-pass-through=-lgcc_s --eh-frame-hdr -m elf_x86_64 -dynamic-linker /lib64/ld-linux-x86-64.so.2 -o cmTC_bcb8d /lib/x86_64-linux-gnu/crt1.o /lib/x86_64-linux-gnu/crti.o /usr/local/lib/gcc/x86_64-linux-gnu/14.2.0/crtbegin.o -L/usr/local/lib/gcc/x86_64-linux-gnu/14.2.0 -L/usr/local/lib/gcc/x86_64-linux-gnu/14.2.0/../../../../lib64 -L/lib/x86_64-linux-gnu -L/lib/../lib64 -L/usr/lib/x86_64-linux-gnu -L/usr/lib/../lib64 -L/usr/local/lib/gcc/x86_64-linux-gnu/14.2.0/../../.. CMakeFiles/cmTC_bcb8d.dir/CMakeCCompilerABI.c.o -lgcc --push-state --as-needed -lgcc_s --pop-state -lc -lgcc --push-state --as-needed -lgcc_s --pop-state /usr/local/lib/gcc/x86_64-linux-gnu/14.2.0/crtend.o /lib/x86_64-linux-gnu/crtn.o
COLLECT_GCC_OPTIONS='-v' '-o' 'cmTC_bcb8d' '-mtune=generic' '-march=x86-64' '-dumpdir' 'cmTC_bcb8d.'
gmake[1]: Leaving directory '/usr/src/app/build/CMakeFiles/CMakeScratch/TryCompile-757iaQ'



Parsed C implicit include dir info from above output: rv=done
  found start of include info
  found start of implicit include info
    add: [/usr/local/lib/gcc/x86_64-linux-gnu/14.2.0/include]
    add: [/usr/local/include]
    add: [/usr/local/lib/gcc/x86_64-linux-gnu/14.2.0/include-fixed]
    add: [/usr/include/x86_64-linux-gnu]
    add: [/usr/include]
  end of search list found
  collapse include dir [/usr/local/lib/gcc/x86_64-linux-gnu/14.2.0/include] ==> [/usr/local/lib/gcc/x86_64-linux-gnu/14.2.0/include]
  collapse include dir [/usr/local/include] ==> [/usr/local/include]
  collapse include dir [/usr/local/lib/gcc/x86_64-linux-gnu/14.2.0/include-fixed] ==> [/usr/local/lib/gcc/x86_64-linux-gnu/14.2.0/include-fixed]
  collapse include dir [/usr/include/x86_64-linux-gnu] ==> [/usr/include/x86_64-linux-gnu]
  collapse include dir [/usr/include] ==> [/usr/include]
  implicit include dirs: [/usr/local/lib/gcc/x86_64-linux-gnu/14.2.0/include;/usr/local/include;/usr/local/lib/gcc/x86_64-linux-gnu/14.2.0/include-fixed;/usr/include/x86_64-linux-gnu;/usr/include]


Parsed C implicit link information from above output:
  link line regex: [^( *|.*[/\])(ld|CMAKE_LINK_STARTFILE-NOTFOUND|([^/\]+-)?ld|collect2)[^/\]*( |$)]
  ignore line: [Change Dir: /usr/src/app/build/CMakeFiles/CMakeScratch/TryCompile-757iaQ]
  ignore line: []
  ignore line: [Run Build Command(s):/usr/bin/gmake -f Makefile cmTC_bcb8d/fast && /usr/bin/gmake  -f CMakeFiles/cmTC_bcb8d.dir/build.make CMakeFiles/cmTC_bcb8d.dir/build]
  ignore line: [gmake[1]: Entering directory '/usr/src/app/build/CMakeFiles/CMakeScratch/TryCompile-757iaQ']
  ignore line: [Building C object CMakeFiles/cmTC_bcb8d.dir/CMakeCCompilerABI.c.o]
  ignore line: [/usr/bin/cc   -v -o CMakeFiles/cmTC_bcb8d.dir/CMakeCCompilerABI.c.o -c /usr/share/cmake-3.25/Modules/CMakeCCompilerABI.c]
  ignore line: [Using built-in specs.]
  ignore line: [COLLECT_GCC=/usr/bin/cc]
  ignore line: [Target: x86_64-linux-gnu]
  ignore line: [Configured with: /usr/src/gcc/configure --build=x86_64-linux-gnu --disable-multilib --enable-languages=c c++ fortran go]
  ignore line: [Thread model: posix]
  ignore line: [Supported LTO compression algorithms: zlib zstd]
  ignore line: [gcc version 14.2.0 (GCC) ]
  ignore line: [COLLECT_GCC_OPTIONS='-v' '-o' 'CMakeFiles/cmTC_bcb8d.dir/CMakeCCompilerABI.c.o' '-c' '-mtune=generic' '-march=x86-64' '-dumpdir' 'CMakeFiles/cmTC_bcb8d.dir/']
  ignore line: [ /usr/local/libexec/gcc/x86_64-linux-gnu/14.2.0/cc1 -quiet -v -imultiarch x86_64-linux-gnu /usr/share/cmake-3.25/Modules/CMakeCCompilerABI.c -quiet -dumpdir CMakeFiles/cmTC_bcb8d.dir/ -dumpbase CMakeCCompilerABI.c.c -dumpbase-ext .c -mtune=generic -march=x86-64 -version -o /tmp/ccPpDnXZ.s]
  ignore line: [GNU C17 (GCC) version 14.2.0 (x86_64-linux-gnu)]
  ignore line: [	compiled by GNU C version 14.2.0  GMP version 6.2.1  MPFR version 4.1.0  MPC version 1.2.1  isl version isl-0.24-GMP]
  ignore line: []
  ignore line: [GGC heuristics: --param ggc-min-expand=100 --param ggc-min-heapsize=131072]
  ignore line: [ignoring nonexistent directory "/usr/local/include/x86_64-linux-gnu"]
  ignore line: [ignoring nonexistent directory "/usr/local/lib/gcc/x86_64-linux-gnu/14.2.0/include-fixed/x86_64-linux-gnu"]
  ignore line: [ignoring nonexistent directory "/usr/local/lib/gcc/x86_64-linux-gnu/14.2.0/../../../../x86_64-linux-gnu/include"]
  ignore line: [#include "..." search starts here:]
  ignore line: [#include <...> search starts here:]
  ignore line: [ /usr/local/lib/gcc/x86_64-linux-gnu/14.2.0/include]
  ignore line: [ /usr/local/include]
  ignore line: [ /usr/local/lib/gcc/x86_64-linux-gnu/14.2.0/include-fixed]
  ignore line: [ /usr/include/x86_64-linux-gnu]
  ignore line: [ /usr/include]
  ignore line: [End of search list.]
  ignore line: [Compiler executable checksum: 02b6d80de70952a9617458dc0b6bffd6]
  ignore line: [COLLECT_GCC_OPTIONS='-v' '-o' 'CMakeFiles/cmTC_bcb8d.dir/CMakeCCompilerABI.c.o' '-c' '-mtune=generic' '-march=x86-64' '-dumpdir' 'CMakeFiles/cmTC_bcb8d.dir/']
  ignore line: [ as -v --64 -o CMakeFiles/cmTC_bcb8d.dir/CMakeCCompilerABI.c.o /tmp/ccPpDnXZ.s]
  ignore line: [GNU assembler version 2.40 (x86_64-linux-gnu) using BFD version (GNU Binutils for Debian) 2.40]
  ignore line: [COMPILER_PATH=/usr/local/libexec/gcc/x86_64-linux-gnu/14.2.0/:/usr/local/libexec/gcc/x86_64-linux-gnu/14.2.0/:/usr/local/libexec/gcc/x86_64-linux-gnu/:/usr/local/lib/gcc/x86_64-linux-gnu/14.2.0/:/usr/local/lib/gcc/x86_64-linux-gnu/]
  ignore line: [LIBRARY_PATH=/usr/local/lib/gcc/x86_64-linux-gnu/14.2.0/:/usr/local/lib/gcc/x86_64-linux-gnu/14.2.0/../../../../lib64/:/lib/x86_64-linux-gnu/:/lib/../lib64/:/usr/lib/x86_64-linux-gnu/:/usr/lib/../lib64/:/usr/local/lib/gcc/x86_64-linux-gnu/14.2.0/../../../:/lib/:/usr/lib/]
  ignore line: [COLLECT_GCC_OPTIONS='-v' '-o' 'CMakeFiles/cmTC_bcb8d.dir/CMakeCCompilerABI.c.o' '-c' '-mtune=generic' '-march=x86-64' '-dumpdir' 'CMakeFiles/cmTC_bcb8d.dir/CMakeCCompilerABI.c.']
  ignore line: [Linking C executable cmTC_bcb8d]
  ignore line: [/usr/bin/cmake -E cmake_link_script CMakeFiles/cmTC_bcb8d.dir/link.txt --verbose=1]
  ignore line: [/usr/bin/cc  -v CMakeFiles/cmTC_bcb8d.dir/CMakeCCompilerABI.c.o -o cmTC_bcb8d ]
  ignore line: [Using built-in specs.]
  ignore line: [COLLECT_GCC=/usr/bin/cc]
  ignore line: [COLLECT_LTO_WRAPPER=/usr/local/libexec/gcc/x86_64-linux-gnu/14.2.0/lto-wrapper]
  ignore line: [Target: x86_64-linux-gnu]
  ignore line: [Configured with: /usr/src/gcc/configure --build=x86_64-linux-gnu --disable-multilib --enable-languages=c c++ fortran go]
  ignore line: [Thread model: posix]
  ignore line: [Supported LTO compression algorithms: zlib zstd]
  ignore line: [gcc version 14.2.0 (GCC) ]
  ignore line: [COMPILER_PATH=/usr/local/libexec/gcc/x86_64-linux-gnu/14.2.0/:/usr/local/libexec/gcc/x86_64-linux-gnu/14.2.0/:/usr/local/libexec/gcc/x86_64-linux-gnu/:/usr/local/lib/gcc/x86_64-linux-gnu/14.2.0/:/usr/local/lib/gcc/x86_64-linux-gnu/]
  ignore line: [LIBRARY_PATH=/usr/local/lib/gcc/x86_64-linux-gnu/14.2.0/:/usr/local/lib/gcc/x86_64-linux-gnu/14.2.0/../../../../lib64/:/lib/x86_64-linux-gnu/:/lib/../lib64/:/usr/lib/x86_64-linux-gnu/:/usr/lib/../lib64/:/usr/local/lib/gcc/x86_64-linux-gnu/14.2.0/../../../:/lib/:/usr/lib/]
  ignore line: [COLLECT_GCC_OPTIONS='-v' '-o' 'cmTC_bcb8d' '-mtune=generic' '-march=x86-64' '-dumpdir' 'cmTC_bcb8d.']
  link line: [ /usr/local/libexec/gcc/x86_64-linux-gnu/14.2.0/collect2 -plugin /usr/local/libexec/gcc/x86_64-linux-gnu/14.2.0/liblto_plugin.so -plugin-opt=/usr/local/libexec/gcc/x86_64-linux-gnu/14.2.0/lto-wrapper -plugin-opt=-fresolution=/tmp/ccmsd3pr.res -plugin-opt=-pass-through=-lgcc -plugin-opt=-pass-through=-lgcc_s -plugin-opt=-pass-through=-lc -plugin-opt=-pass-through=-lgcc -plugin-opt=-pass-through=-lgcc_s --eh-frame-hdr -m elf_x86_64 -dynamic-linker /lib64/ld-linux-x86-64.so.2 -o cmTC_bcb8d /lib/x86_64-linux-gnu/crt1.o /lib/x86_64-linux-gnu/crti.o /usr/local/lib/gcc/x86_64-linux-gnu/14.2.0/crtbegin.o -L/usr/local/lib/gcc/x86_64-linux-gnu/14.2.0 -L/usr/local/lib/gcc/x86_64-linux-gnu/14.2.0/../../../../lib64 -L/lib/x86_64-linux-gnu -L/lib/../lib64 -L/usr/lib/x86_64-linux-gnu -L/usr/lib/../lib64 -L/usr/local/lib/gcc/x86_64-linux-gnu/14.2.0/../../.. CMakeFiles/cmTC_bcb8d.dir/CMakeCCompilerABI.c.o -lgcc --push-state --as-needed -lgcc_s --pop-state -lc -lgcc --push-state --as-needed -lgcc_s --pop-state /usr/local/lib/gcc/x86_64-linux-gnu/14.2.0/crtend.o /lib/x86_64-linux-gnu/crtn.o]
    arg [/usr/local/libexec/gcc/x86_64-linux-gnu/14.2.0/collect2] ==> ignore
    arg [-plugin] ==> ignore
    arg [/usr/local/libexec/gcc/x86_64-linux-gnu/14.2.0/liblto_plugin.so] ==> ignore
    arg [-plugin-opt=/usr/local/libexec/gcc/x86_64-linux-gnu/14.2.0/lto-wrapper] ==> ignore
    arg [-plugin-opt=-fresolution=/tmp/ccmsd3pr.res] ==> ignore
    arg [-plugin-opt=-pass-through=-lgcc] ==> ignore
    arg [-plugin-opt=-pass-through=-lgcc_s] ==> ignore
    arg [-plugin-opt=-pass-through=-lc] ==> ignore
    arg [-plugin-opt=-pass-through=-lgcc] ==> ignore
    arg [-plugin-opt=-pass-through=-lgcc_s] ==> ignore
    arg [--eh-frame-hdr] ==> ignore
    arg [-m] ==> ignore
    arg [elf_x86_64] ==> ignore
    arg [-dynamic-linker] ==> ignore
    arg [/lib64/ld-linux-x86-64.so.2] ==> ignore
    arg [-o] ==> ignore
    arg [cmTC_bcb8d] ==> ignore
    arg [/lib/x86_64-linux-gnu/crt1.o] ==> obj [/lib/x86_64-linux-gnu/crt1.o]
    arg [/lib/x86_64-linux-gnu/crti.o] ==> obj [/lib/x86_64-linux-gnu/crti.o]
    arg [/usr/local/lib/gcc/x86_64-linux-gnu/14.2.0/crtbegin.o] ==> obj [/usr/local/lib/gcc/x86_64-linux-gnu/14.2.0/crtbegin.o]
    arg [-L/usr/local/lib/gcc/x86_64-linux-gnu/14.2.0] ==> dir [/usr/local/lib/gcc/x86_64-linux-gnu/14.2.0]
    arg [-L/usr/local/lib/gcc/x86_64-linux-gnu/14.2.0/../../../../lib64] ==> dir [/usr/local/lib/gcc/x86_64-linux-gnu/14.2.0/../../../../lib64]
    arg [-L/lib/x86_64-linux-gnu] ==> dir [/lib/x86_64-linux-gnu]
    arg [-L/lib/../lib64] ==> dir [/lib/../lib64]
    arg [-L/usr/lib/x86_64-linux-gnu] ==> dir [/usr/lib/x86_64-linux-gnu]
    arg [-L/usr/lib/../lib64] ==> dir [/usr/lib/../lib64]
    arg [-L/usr/local/lib/gcc/x86_64-linux-gnu/14.2.0/../../..] ==> dir [/usr/local/lib/gcc/x86_64-linux-gnu/14.2.0/../../..]
    arg [CMakeFiles/cmTC_bcb8d.dir/CMakeCCompilerABI.c.o] ==> ignore
    arg [-lgcc] ==> lib [gcc]
    arg [--push-state] ==> ignore
    arg [--as-needed] ==> ignore
    arg [-lgcc_s] ==> lib [gcc_s]
    arg [--pop-state] ==> ignore
    arg [-lc] ==> lib [c]
    arg [-lgcc] ==> lib [gcc]
    arg [--push-state] ==> ignore
    arg [--as-needed] ==> ignore
    arg [-lgcc_s] ==> lib [gcc_s]
    arg [--pop-state] ==> ignore
    arg [/usr/local/lib/gcc/x86_64-linux-gnu/14.2.0/crtend.o] ==> obj [/usr/local/lib/gcc/x86_64-linux-gnu/14.2.0/crtend.o]
    arg [/lib/x86_64-linux-gnu/crtn.o] ==> obj [/lib/x86_64-linux-gnu/crtn.o]
  collapse library dir [/usr/local/lib/gcc/x86_64-linux-gnu/14.2.0] ==> [/usr/local/lib/gcc/x86_64-linux-gnu/14.2.0]
  collapse library dir [/usr/local/lib/gcc/x86_64-linux-gnu/14.2.0/../../../../lib64] ==> [/usr/local/lib64]
  collapse library dir [/lib/x86_64-linux-gnu] ==> [/lib/x86_64-linux-gnu]
  collapse library dir [/lib/../lib64] ==> [/lib64]
  collapse library dir [/usr/lib/x86_64-linux-gnu] ==> [/usr/lib/x86_64-linux-gnu]
  collapse library dir [/usr/lib/../lib64] ==> [/usr/lib64]
  collapse library dir [/usr/local/lib/gcc/x86_64-linux-gnu/14.2.0/../../..] ==> [/usr/local/lib]
  implicit libs: [gcc;gcc_s;c;gcc;gcc_s]
  implicit objs: [/lib/x86_64-linux-gnu/crt1.o;/lib/x86_64-linux-gnu/crti.o;/usr/local/lib/gcc/x86_64-linux-gnu/14.2.0/crtbegin.o;/usr/local/lib/gcc/x86_64-linux-gnu/14.2.0/crtend.o;/lib/x86_64-linux-gnu/crtn.o]
  implicit dirs: [/usr/local/lib/gcc/x86_64-linux-gnu/14.2.0;/usr/local/lib64;/lib/x86_64-linux-gnu;/lib64;/usr/lib/x86_64-linux-gnu;/usr/lib64;/usr/local/lib]
  implicit fwks: []


Detecting CXX compiler ABI info compiled with the following output:
Change Dir: /usr/src/app/build/CMakeFiles/CMakeScratch/TryCompile-QZX2bR

Run Build Command(s):/usr/bin/gmake -f Makefile cmTC_37f9c/fast && /usr/bin/gmake  -f CMakeFiles/cmTC_37f9c.dir/build.make CMakeFiles/cmTC_37f9c.dir/build
gmake[1]: Entering directory '/usr/src/app/build/CMakeFiles/CMakeScratch/TryCompile-QZX2bR'
Building CXX object CMakeFiles/cmTC_37f9c.dir/CMakeCXXCompilerABI.cpp.o
/usr/local/bin/c++   -g    -v -o CMakeFiles/cmTC_37f9c.dir/CMakeCXXCompilerABI.cpp.o -c /usr/share/cmake-3.25/Modules/CMakeCXXCompilerABI.cpp
Using built-in specs.
COLLECT_GCC=/usr/local/bin/c++
Target: x86_64-linux-gnu
Configured with: /usr/src/gcc/configure --build=x86_64-linux-gnu --disable-multilib --enable-languages=c,c++,fortran,go
Thread model: posix
Supported LTO compression algorithms: zlib zstd
gcc version 14.2.0 (GCC) 
COLLECT_GCC_OPTIONS='-g' '-v' '-o' 'CMakeFiles/cmTC_37f9c.dir/CMakeCXXCompilerABI.cpp.o' '-c' '-shared-libgcc' '-mtune=generic' '-march=x86-64' '-dumpdir' 'CMakeFiles/cmTC_37f9c.dir/'
 /usr/local/libexec/gcc/x86_64-linux-gnu/14.2.0/cc1plus -quiet -v -imultiarch x86_64-linux-gnu -D_GNU_SOURCE /usr/share/cmake-3.25/Modules/CMakeCXXCompilerABI.cpp -quiet -dumpdir CMakeFiles/cmTC_37f9c.dir/ -dumpbase CMakeCXXCompilerABI.cpp.cpp -dumpbase-ext .cpp -mtune=generic -march=x86-64 -g -version -o /tmp/ccg2w2sy.s
GNU C++17 (GCC) version 14.2.0 (x86_64-linux-gnu)
	compiled by GNU C version 14.2.0, GMP version 6.2.1, MPFR version 4.1.0, MPC version 1.2.1, isl version isl-0.24-GMP

GGC heuristics: --param ggc-min-expand=100 --param ggc-min-heapsize=131072
ignoring nonexistent directory "/usr/local/include/x86_64-linux-gnu"
ignoring nonexistent directory "/usr/local/lib/gcc/x86_64-linux-gnu/14.2.0/include-fixed/x86_64-linux-gnu"
ignoring nonexistent directory "/usr/local/lib/gcc/x86_64-linux-gnu/14.2.0/../../../../x86_64-linux-gnu/include"
#include "..." search starts here:
#include <...> search starts here:
 /usr/local/lib/gcc/x86_64-linux-gnu/14.2.0/../../../../include/c++/14.2.0
 /usr/local/lib/gcc/x86_64-linux-gnu/14.2.0/../../../../include/c++/14.2.0/x86_64-linux-gnu
 /usr/local/lib/gcc/x86_64-linux-gnu/14.2.0/../../../../include/c++/14.2.0/backward
 /usr/local/lib/gcc/x86_64-linux-gnu/14.2.0/include
 /usr/local/include
 /usr/local/lib/gcc/x86_64-linux-gnu/14.2.0/include-fixed
 /usr/include/x86_64-linux-gnu
 /usr/include
End of search list.
Compiler executable checksum: d1958bd603ddb448c115245af0b7f681
COLLECT_GCC_OPTIONS='-g' '-v' '-o' 'CMakeFiles/cmTC_37f9c.dir/CMakeCXXCompilerABI.cpp.o' '-c' '-shared-libgcc' '-mtune=generic' '-march=x86-64' '-dumpdir' 'CMakeFiles/cmTC_37f9c.dir/'
 as -v --gdwarf-5 --64 -o CMakeFiles/cmTC_37f9c.dir/CMakeCXXCompilerABI.cpp.o /tmp/ccg2w2sy.s
GNU assembler version 2.40 (x86_64-linux-gnu) using BFD version (GNU Binutils for Debian) 2.40
COMPILER_PATH=/usr/local/libexec/gcc/x86_64-linux-gnu/14.2.0/:/usr/local/libexec/gcc/x86_64-linux-gnu/14.2.0/:/usr/local/libexec/gcc/x86_64-linux-gnu/:/usr/local/lib/gcc/x86_64-linux-gnu/14.2.0/:/usr/local/lib/gcc/x86_64-linux-gnu/
LIBRARY_PATH=/usr/local/lib/gcc/x86_64-linux-gnu/14.2.0/:/usr/local/lib/gcc/x86_64-linux-gnu/14.2.0/../../../../lib64/:/lib/x86_64-linux-gnu/:/lib/../lib64/:/usr/lib/x86_64-linux-gnu/:/usr/lib/../lib64/:/usr/local/lib/gcc/x86_64-linux-gnu/14.2.0/../../../:/lib/:/usr/lib/
COLLECT_GCC_OPTIONS='-g' '-v' '-o' 'CMakeFiles/cmTC_37f9c.dir/CMakeCXXCompilerABI.cpp.o' '-c' '-shared-libgcc' '-mtune=generic' '-march=x86-64' '-dumpdir' 'CMakeFiles/cmTC_37f9c.dir/CMakeCXXCompilerABI.cpp.'
Linking CXX executable cmTC_37f9c
/usr/bin/cmake -E cmake_link_script CMakeFiles/cmTC_37f9c.dir/link.txt --verbose=1
/usr/local/bin/c++ -g   -v CMakeFiles/cmTC_37f9c.dir/CMakeCXXCompilerABI.cpp.o -o cmTC_37f9c 
Using built-in specs.
COLLECT_GCC=/usr/local/bin/c++
COLLECT_LTO_WRAPPER=/usr/local/libexec/gcc/x86_64-linux-gnu/14.2.0/lto-wrapper
Target: x86_64-linux-gnu
Configured with: /usr/src/gcc/configure --build=x86_64-linux-gnu --disable-multilib --enable-languages=c,c++,fortran,go
Thread model: posix
Supported LTO compression algorithms: zlib zstd
gcc version 14.2.0 (GCC) 
COMPILER_PATH=/usr/local/libexec/gcc/x86_64-linux-gnu/14.2.0/:/usr/local/libexec/gcc/x86_64-linux-gnu/14.2.0/:/usr/local/libexec/gcc/x86_64-linux-gnu/:/usr/local/lib/gcc/x86_64-linux-gnu/14.2.0/:/usr/local/lib/gcc/x86_64-linux-gnu/
LIBRARY_PATH=/usr/local/lib/gcc/x86_64-linux-gnu/14.2.0/:/usr/local/lib/gcc/x86_64-linux-gnu/14.2.0/../../../../lib64/:/lib/x86_64-linux-gnu/:/lib/../lib64/:/usr/lib/x86_64-linux-gnu/:/usr/lib/../lib64/:/usr/local/lib/gcc/x86_64-linux-gnu/14.2.0/../../../:/lib/:/usr/lib/
COLLECT_GCC_OPTIONS='-g' '-v' '-o' 'cmTC_37f9c' '-shared-libgcc' '-mtune=generic' '-march=x86-64' '-dumpdir' 'cmTC_37f9c.'
 /usr/local/libexec/gcc/x86_64-linux-gnu/14.2.0/collect2 -plugin /usr/local/libexec/gcc/x86_64-linux-gnu/14.2.0/liblto_plugin.so -plugin-opt=/usr/local/libexec/gcc/x86_64-linux-gnu/14.2.0/lto-wrapper -plugin-opt=-fresolution=/tmp/cccBGBO2.res -plugin-opt=-pass-through=-lgcc_s -plugin-opt=-pass-through=-lgcc -plugin-opt=-pass-through=-lc -plugin-opt=-pass-through=-lgcc_s -plugin-opt=-pass-through=-lgcc --eh-frame-hdr -m elf_x86_64 -dynamic-linker /lib64/ld-linux-x86-64.so.2 -o cmTC_37f9c /lib/x86_64-linux-gnu/crt1.o /lib/x86_64-linux-gnu/crti.o /usr/local/lib/gcc/x86_64-linux-gnu/14.2.0/crtbegin.o -L/usr/local/lib/gcc/x86_64-linux-gnu/14.2.0 -L/usr/local/lib/gcc/x86_64-linux-gnu/14.2.0/../../../../lib64 -L/lib/x86_64-linux-gnu -L/lib/../lib64 -L/usr/lib/x86_64-linux-gnu -L/usr/lib/../lib64 -L/usr/local/lib/gcc/x86_64-linux-gnu/14.2.0/../../.. CMakeFiles/cmTC_37f9c.dir/CMakeCXXCompilerABI.cpp.o -lstdc++ -lm -lgcc_s -lgcc -lc -lgcc_s -lgcc /usr/local/lib/gcc/x86_64-linux-gnu/14.2.0/crtend.o /lib/x86_64-linux-gnu/crtn.o
COLLECT_GCC_OPTIONS='-g' '-v' '-o' 'cmTC_37f9c' '-shared-libgcc' '-mtune=generic' '-march=x86-64' '-dumpdir' 'cmTC_37f9c.'
gmake[1]: Leaving directory '/usr/src/app/build/CMakeFiles/CMakeScratch/TryCompile-QZX2bR'



Parsed CXX implicit include dir info from above output: rv=done
  found start of include info
  found start of implicit include info
    add: [/usr/local/lib/gcc/x86_64-linux-gnu/14.2.0/../../../../include/c++/14.2.0]
    add: [/usr/local/lib/gcc/x86_64-linux-gnu/14.2.0/../../../../include/c++/14.2.0/x86_64-linux-gnu]
    add: [/usr/local/lib/gcc/x86_64-linux-gnu/14.2.0/../../../../include/c++/14.2.0/backward]
    add: [/usr/local/lib/gcc/x86_64-linux-gnu/14.2.0/include]
    add: [/usr/local/include]
    add: [/usr/local/lib/gcc/x86_64-linux-gnu/14.2.0/include-fixed]
    add: [/usr/include/x86_64-linux-gnu]
    add: [/usr/include]
  end of search list found
  collapse include dir [/usr/local/lib/gcc/x86_64-linux-gnu/14.2.0/../../../../include/c++/14.2.0] ==> [/usr/local/include/c++/14.2.0]
  collapse include dir [/usr/local/lib/gcc/x86_64-linux-gnu/14.2.0/../../../../include/c++/14.2.0/x86_64-linux-gnu] ==> [/usr/local/include/c++/14.2.0/x86_64-linux-gnu]
  collapse include dir [/usr/local/lib/gcc/x86_64-linux-gnu/14.2.0/../../../../include/c++/14.2.0/backward] ==> [/usr/local/include/c++/14.2.0/backward]
  collapse include dir [/usr/local/lib/gcc/x86_64-linux-gnu/14.2.0/include] ==> [/usr/local/lib/gcc/x86_64-linux-gnu/14.2.0/include]
  collapse include dir [/usr/local/include] ==> [/usr/local/include]
  collapse include dir [/usr/local/lib/gcc/x86_64-linux-gnu/14.2.0/include-fixed] ==> [/usr/local/lib/gcc/x86_64-linux-gnu/14.2.0/include-fixed]
  collapse include dir [/usr/include/x86_64-linux-gnu] ==> [/usr/include/x86_64-linux-gnu]
  collapse include dir [/usr/include] ==> [/usr/include]
  implicit include dirs: [/usr/local/include/c++/14.2.0;/usr/local/include/c++/14.2.0/x86_64-linux-gnu;/usr/local/include/c++/14.2.0/backward;/usr/local/lib/gcc/x86_64-linux-gnu/14.2.0/include;/usr/local/include;/usr/local/lib/gcc/x86_64-linux-gnu/14.2.0/include-fixed;/usr/include/x86_64-linux-gnu;/usr/include]


Parsed CXX implicit link information from above output:
  link line regex: [^( *|.*[/\])(ld|CMAKE_LINK_STARTFILE-NOTFOUND|([^/\]+-)?ld|collect2)[^/\]*( |$)]
  ignore line: [Change Dir: /usr/src/app/build/CMakeFiles/CMakeScratch/TryCompile-QZX2bR]
  ignore line: []
  ignore line: [Run Build Command(s):/usr/bin/gmake -f Makefile cmTC_37f9c/fast && /usr/bin/gmake  -f CMakeFiles/cmTC_37f9c.dir/build.make CMakeFiles/cmTC_37f9c.dir/build]
  ignore line: [gmake[1]: Entering directory '/usr/src/app/build/CMakeFiles/CMakeScratch/TryCompile-QZX2bR']
  ignore line: [Building CXX object CMakeFiles/cmTC_37f9c.dir/CMakeCXXCompilerABI.cpp.o]
  ignore line: [/usr/local/bin/c++   -g    -v -o CMakeFiles/cmTC_37f9c.dir/CMakeCXXCompilerABI.cpp.o -c /usr/share/cmake-3.25/Modules/CMakeCXXCompilerABI.cpp]
  ignore line: [Using built-in specs.]
  ignore line: [COLLECT_GCC=/usr/local/bin/c++]
  ignore line: [Target: x86_64-linux-gnu]
  ignore line: [Configured with: /usr/src/gcc/configure --build=x86_64-linux-gnu --disable-multilib --enable-languages=c c++ fortran go]
  ignore line: [Thread model: posix]
  ignore line: [Supported LTO compression algorithms: zlib zstd]
  ignore line: [gcc version 14.2.0 (GCC) ]
  ignore line: [COLLECT_GCC_OPTIONS='-g' '-v' '-o' 'CMakeFiles/cmTC_37f9c.dir/CMakeCXXCompilerABI.cpp.o' '-c' '-shared-libgcc' '-mtune=generic' '-march=x86-64' '-dumpdir' 'CMakeFiles/cmTC_37f9c.dir/']
  ignore line: [ /usr/local/libexec/gcc/x86_64-linux-gnu/14.2.0/cc1plus -quiet -v -imultiarch x86_64-linux-gnu -D_GNU_SOURCE /usr/share/cmake-3.25/Modules/CMakeCXXCompilerABI.cpp -quiet -dumpdir CMakeFiles/cmTC_37f9c.dir/ -dumpbase CMakeCXXCompilerABI.cpp.cpp -dumpbase-ext .cpp -mtune=generic -march=x86-64 -g -version -o /tmp/ccg2w2sy.s]
  ignore line: [GNU C++17 (GCC) version 14.2.0 (x86_64-linux-gnu)]
  ignore line: [	compiled by GNU C version 14.2.0  GMP version 6.2.1  MPFR version 4.1.0  MPC version 1.2.1  isl version isl-0.24-GMP]
  ignore line: []
  ignore line: [GGC heuristics: --param ggc-min-expand=100 --param ggc-min-heapsize=131072]
  ignore line: [ignoring nonexistent directory "/usr/local/include/x86_64-linux-gnu"]
  ignore line: [ignoring nonexistent directory "/usr/local/lib/gcc/x86_64-linux-gnu/14.2.0/include-fixed/x86_64-linux-gnu"]
  ignore line: [ignoring nonexistent directory "/usr/local/lib/gcc/x86_64-linux-gnu/14.2.0/../../../../x86_64-linux-gnu/include"]
  ignore line: [#include "..." search starts here:]
  ignore line: [#include <...> search starts here:]
  ignore line: [ /usr/local/lib/gcc/x86_64-linux-gnu/14.2.0/../../../../include/c++/14.2.0]
  ignore line: [ /usr/local/lib/gcc/x86_64-linux-gnu/14.2.0/../../../../include/c++/14.2.0/x86_64-linux-gnu]
  ignore line: [ /usr/local/lib/gcc/x86_64-linux-gnu/14.2.0/../../../../include/c++/14.2.0/backward]
  ignore line: [ /usr/local/lib/gcc/x86_64-linux-gnu/14.2.0/include]
  ignore line: [ /usr/local/include]
  ignore line: [ /usr/local/lib/gcc/x86_64-linux-gnu/14.2.0/include-fixed]
  ignore line: [ /usr/include/x86_64-linux-gnu]
  ignore line: [ /usr/include]
  ignore line: [End of search list.]
  ignore line: [Compiler executable checksum: d1958bd603ddb448c115245af0b7f681]
  ignore line: [COLLECT_GCC_OPTIONS='-g' '-v' '-o' 'CMakeFiles/cmTC_37f9c.dir/CMakeCXXCompilerABI.cpp.o' '-c' '-shared-libgcc' '-mtune=generic' '-march=x86-64' '-dumpdir' 'CMakeFiles/cmTC_37f9c.dir/']
  ignore line: [ as -v --gdwarf-5 --64 -o CMakeFiles/cmTC_37f9c.dir/CMakeCXXCompilerABI.cpp.o /tmp/ccg2w2sy.s]
  ignore line: [GNU assembler version 2.40 (x86_64-linux-gnu) using BFD version (GNU Binutils for Debian) 2.40]
  ignore line: [COMPILER_PATH=/usr/local/libexec/gcc/x86_64-linux-gnu/14.2.0/:/usr/local/libexec/gcc/x86_64-linux-gnu/14.2.0/:/usr/local/libexec/gcc/x86_64-linux-gnu/:/usr/local/lib/gcc/x86_64-linux-gnu/14.2.0/:/usr/local/lib/gcc/x86_64-linux-gnu/]
  ignore line: [LIBRARY_PATH=/usr/local/lib/gcc/x86_64-linux-gnu/14.2.0/:/usr/local/lib/gcc/x86_64-linux-gnu/14.2.0/../../../../lib64/:/lib/x86_64-linux-gnu/:/lib/../lib64/:/usr/lib/x86_64-linux-gnu/:/usr/lib/../lib64/:/usr/local/lib/gcc/x86_64-linux-gnu/14.2.0/../../../:/lib/:/usr/lib/]
  ignore line: [COLLECT_GCC_OPTIONS='-g' '-v' '-o' 'CMakeFiles/cmTC_37f9c.dir/CMakeCXXCompilerABI.cpp.o' '-c' '-shared-libgcc' '-mtune=generic' '-march=x86-64' '-dumpdir' 'CMakeFiles/cmTC_37f9c.dir/CMakeCXXCompilerABI.cpp.']
  ignore line: [Linking CXX executable cmTC_37f9c]
  ignore line: [/usr/bin/cmake -E cmake_link_script CMakeFiles/cmTC_37f9c.dir/link.txt --verbose=1]
  ignore line: [/usr/local/bin/c++ -g   -v CMakeFiles/cmTC_37f9c.dir/CMakeCXXCompilerABI.cpp.o -o cmTC_37f9c ]
  ignore line: [Using built-in specs.]
  ignore line: [COLLECT_GCC=/usr/local/bin/c++]
  ignore line: [COLLECT_LTO_WRAPPER=/usr/local/libexec/gcc/x86_64-linux-gnu/14.2.0/lto-wrapper]
  ignore line: [Target: x86_64-linux-gnu]
  ignore line: [Configured with: /usr/src/gcc/configure --build=x86_64-linux-gnu --disable-multilib --enable-languages=c c++ fortran go]
  ignore line: [Thread model: posix]
  ignore line: [Supported LTO compression algorithms: zlib zstd]
  ignore line: [gcc version 14.2.0 (GCC) ]
  ignore line: [COMPILER_PATH=/usr/local/libexec/gcc/x86_64-linux-gnu/14.2.0/:/usr/local/libexec/gcc/x86_64-linux-gnu/14.2.0/:/usr/local/libexec/gcc/x86_64-linux-gnu/:/usr/local/lib/gcc/x86_64-linux-gnu/14.2.0/:/usr/local/lib/gcc/x86_64-linux-gnu/]
  ignore line: [LIBRARY_PATH=/usr/local/lib/gcc/x86_64-linux-gnu/14.2.0/:/usr/local/lib/gcc/x86_64-linux-gnu/14.2.0/../../../../lib64/:/lib/x86_64-linux-gnu/:/lib/../lib64/:/usr/lib/x86_64-linux-gnu/:/usr/lib/../lib64/:/usr/local/lib/gcc/x86_64-linux-gnu/14.2.0/../../../:/lib/:/usr/lib/]
  ignore line: [COLLECT_GCC_OPTIONS='-g' '-v' '-o' 'cmTC_37f9c' '-shared-libgcc' '-mtune=generic' '-march=x86-64' '-dumpdir' 'cmTC_37f9c.']
  link line: [ /usr/local/libexec/gcc/x86_64-linux-gnu/14.2.0/collect2 -plugin /usr/local/libexec/gcc/x86_64-linux-gnu/14.2.0/liblto_plugin.so -plugin-opt=/usr/local/libexec/gcc/x86_64-linux-gnu/14.2.0/lto-wrapper -plugin-opt=-fresolution=/tmp/cccBGBO2.res -plugin-opt=-pass-through=-lgcc_s -plugin-opt=-pass-through=-lgcc -plugin-opt=-pass-through=-lc -plugin-opt=-pass-through=-lgcc_s -plugin-opt=-pass-through=-lgcc --eh-frame-hdr -m elf_x86_64 -dynamic-linker /lib64/ld-linux-x86-64.so.2 -o cmTC_37f9c /lib/x86_64-linux-gnu/crt1.o /lib/x86_64-linux-gnu/crti.o /usr/local/lib/gcc/x86_64-linux-gnu/14.2.0/crtbegin.o -L/usr/local/lib/gcc/x86_64-linux-gnu/14.2.0 -L/usr/local/lib/gcc/x86_64-linux-gnu/14.2.0/../../../../lib64 -L/lib/x86_64-linux-gnu -L/lib/../lib64 -L/usr/lib/x86_64-linux-gnu -L/usr/lib/../lib64 -L/usr/local/lib/gcc/x86_64-linux-gnu/14.2.0/../../.. CMakeFiles/cmTC_37f9c.dir/CMakeCXXCompilerABI.cpp.o -lstdc++ -lm -lgcc_s -lgcc -lc -lgcc_s -lgcc /usr/local/lib/gcc/x86_64-linux-gnu/14.2.0/crtend.o /lib/x86_64-linux-gnu/crtn.o]
    arg [/usr/local/libexec/gcc/x86_64-linux-gnu/14.2.0/collect2] ==> ignore
    arg [-plugin] ==> ignore
    arg [/usr/local/libexec/gcc/x86_64-linux-gnu/14.2.0/liblto_plugin.so] ==> ignore
    arg [-plugin-opt=/usr/local/libexec/gcc/x86_64-linux-gnu/14.2.0/lto-wrapper] ==> ignore
    arg [-plugin-opt=-fresolution=/tmp/cccBGBO2.res] ==> ignore
    arg [-plugin-opt=-pass-through=-lgcc_s] ==> ignore
    arg [-plugin-opt=-pass-through=-lgcc] ==> ignore
    arg [-plugin-opt=-pass-through=-lc] ==> ignore
    arg [-plugin-opt=-pass-through=-lgcc_s] ==> ignore
    arg [-plugin-opt=-pass-through=-lgcc] ==> ignore
    arg [--eh-frame-hdr] ==> ignore
    arg [-m] ==> ignore
    arg [elf_x86_64] ==> ignore
    arg [-dynamic-linker] ==> ignore
    arg [/lib64/ld-linux-x86-64.so.2] ==> ignore
    arg [-o] ==> ignore
    arg [cmTC_37f9c] ==> ignore
    arg [/lib/x86_64-linux-gnu/crt1.o] ==> obj [/lib/x86_64-linux-gnu/crt1.o]
    arg [/lib/x86_64-linux-gnu/crti.o] ==> obj [/lib/x86_64-linux-gnu/crti.o]
    arg [/usr/local/lib/gcc/x86_64-linux-gnu/14.2.0/crtbegin.o] ==> obj [/usr/local/lib/gcc/x86_64-linux-gnu/14.2.0/crtbegin.o]
    arg [-L/usr/local/lib/gcc/x86_64-linux-gnu/14.2.0] ==> dir [/usr/local/lib/gcc/x86_64-linux-gnu/14.2.0]
    arg [-L/usr/local/lib/gcc/x86_64-linux-gnu/14.2.0/../../../../lib64] ==> dir [/usr/local/lib/gcc/x86_64-linux-gnu/14.2.0/../../../../lib64]
    arg [-L/lib/x86_64-linux-gnu] ==> dir [/lib/x86_64-linux-gnu]
    arg [-L/lib/../lib64] ==> dir [/lib/../lib64]
    arg [-L/usr/lib/x86_64-linux-gnu] ==> dir [/usr/lib/x86_64-linux-gnu]
    arg [-L/usr/lib/../lib64] ==> dir [/usr/lib/../lib64]
    arg [-L/usr/local/lib/gcc/x86_64-linux-gnu/14.2.0/../../..] ==> dir [/usr/local/lib/gcc/x86_64-linux-gnu/14.2.0/../../..]
    arg [CMakeFiles/cmTC_37f9c.dir/CMakeCXXCompilerABI.cpp.o] ==> ignore
    arg [-lstdc++] ==> lib [stdc++]
    arg [-lm] ==> lib [m]
    arg [-lgcc_s] ==> lib [gcc_s]
    arg [-lgcc] ==> lib [gcc]
    arg [-lc] ==> lib [c]
    arg [-lgcc_s] ==> lib [gcc_s]
    arg [-lgcc] ==> lib [gcc]
    arg [/usr/local/lib/gcc/x86_64-linux-gnu/14.2.0/crtend.o] ==> obj [/usr/local/lib/gcc/x86_64-linux-gnu/14.2.0/crtend.o]
    arg [/lib/x86_64-linux-gnu/crtn.o] ==> obj [/lib/x86_64-linux-gnu/crtn.o]
  collapse library dir [/usr/local/lib/gcc/x86_64-linux-gnu/14.2.0] ==> [/usr/local/lib/gcc/x86_64-linux-gnu/14.2.0]
  collapse library dir [/usr/local/lib/gcc/x86_64-linux-gnu/14.2.0/../../../../lib64] ==> [/usr/local/lib64]
  collapse library dir [/lib/x86_64-linux-gnu] ==> [/lib/x86_64-linux-gnu]
  collapse library dir [/lib/../lib64] ==> [/lib64]
  collapse library dir [/usr/lib/x86_64-linux-gnu] ==> [/usr/lib/x86_64-linux-gnu]
  collapse library dir [/usr/lib/../lib64] ==> [/usr/lib64]
  collapse library dir [/usr/local/lib/gcc/x86_64-linux-gnu/14.2.0/../../..] ==> [/usr/local/lib]
  implicit libs: [stdc++;m;gcc_s;gcc;c;gcc_s;gcc]
  implicit objs: [/lib/x86_64-linux-gnu/crt1.o;/lib/x86_64-linux-gnu/crti.o;/usr/local/lib/gcc/x86_64-linux-gnu/14.2.0/crtbegin.o;/usr/local/lib/gcc/x86_64-linux-gnu/14.2.0/crtend.o;/lib/x86_64-linux-gnu/crtn.o]
  implicit dirs: [/usr/local/lib/gcc/x86_64-linux-gnu/14.2.0;/usr/local/lib64;/lib/x86_64-linux-gnu;/lib64;/usr/lib/x86_64-linux-gnu;/usr/lib64;/usr/local/lib]
  implicit fwks: []


Performing C SOURCE FILE Test CMAKE_HAVE_LIBC_PTHREAD succeeded with the following output:
Change Dir: /usr/src/app/build/CMakeFiles/CMakeScratch/TryCompile-dxLoV1

Run Build Command(s):/usr/bin/gmake -f Makefile cmTC_5042f/fast && /usr/bin/gmake  -f CMakeFiles/cmTC_5042f.dir/build.make CMakeFiles/cmTC_5042f.dir/build
gmake[1]: Entering directory '/usr/src/app/build/CMakeFiles/CMakeScratch/TryCompile-dxLoV1'
Building C object CMakeFiles/cmTC_5042f.dir/src.c.o
/usr/bin/cc -DCMAKE_HAVE_LIBC_PTHREAD   -o CMakeFiles/cmTC_5042f.dir/src.c.o -c /usr/src/app/build/CMakeFiles/CMakeScratch/TryCompile-dxLoV1/src.c
Linking C executable cmTC_5042f
/usr/bin/cmake -E cmake_link_script CMakeFiles/cmTC_5042f.dir/link.txt --verbose=1
/usr/bin/cc CMakeFiles/cmTC_5042f.dir/src.c.o -o cmTC_5042f 
gmake[1]: Leaving directory '/usr/src/app/build/CMakeFiles/CMakeScratch/TryCompile-dxLoV1'


Source file was:
#include <pthread.h>

static void* test_func(void* data)
{
  return data;
}

int main(void)
{
  pthread_t thread;
  pthread_create(&thread, NULL, test_func, NULL);
  pthread_detach(thread);
  pthread_cancel(thread);
  pthread_join(thread, NULL);
  pthread_atfork(NULL, NULL, NULL);
  pthread_exit(NULL);

  return 0;
}


